{
  "RSpec": {
    "coverage": {
      "/mnt/c/Users/USER/Desktop/Projects/rails/lifestyle_articles/config/environment.rb": {
        "lines": [
          null,
          1,
          null,
          null,
          1
        ]
      },
      "/mnt/c/Users/USER/Desktop/Projects/rails/lifestyle_articles/config/application.rb": {
        "lines": [
          1,
          null,
          1,
          null,
          null,
          null,
          1,
          null,
          1,
          1,
          null,
          1,
          null,
          null,
          null,
          null,
          null,
          null,
          null,
          null,
          null,
          null
        ]
      },
      "/mnt/c/Users/USER/Desktop/Projects/rails/lifestyle_articles/config/boot.rb": {
        "lines": [
          1,
          null,
          1,
          1
        ]
      },
      "/mnt/c/Users/USER/Desktop/Projects/rails/lifestyle_articles/config/environments/test.rb": {
        "lines": [
          1,
          null,
          null,
          null,
          null,
          null,
          null,
          1,
          null,
          null,
          1,
          1,
          null,
          null,
          null,
          null,
          1,
          null,
          null,
          1,
          1,
          null,
          null,
          null,
          null,
          1,
          1,
          1,
          null,
          null,
          1,
          null,
          null,
          1,
          null,
          null,
          1,
          null,
          1,
          null,
          null,
          null,
          null,
          1,
          null,
          null,
          1,
          null,
          null,
          1,
          null,
          null,
          1,
          null,
          null,
          null,
          null,
          null,
          null,
          null
        ]
      },
      "/mnt/c/Users/USER/Desktop/Projects/rails/lifestyle_articles/config/initializers/application_controller_renderer.rb": {
        "lines": [
          null,
          null,
          null,
          null,
          null,
          null,
          null,
          null
        ]
      },
      "/mnt/c/Users/USER/Desktop/Projects/rails/lifestyle_articles/config/initializers/assets.rb": {
        "lines": [
          null,
          null,
          null,
          1,
          null,
          null,
          null,
          null,
          1,
          null,
          null,
          null,
          null,
          null
        ]
      },
      "/mnt/c/Users/USER/Desktop/Projects/rails/lifestyle_articles/config/initializers/backtrace_silencers.rb": {
        "lines": [
          null,
          null,
          null,
          null,
          null,
          null,
          null,
          1
        ]
      },
      "/mnt/c/Users/USER/Desktop/Projects/rails/lifestyle_articles/config/initializers/content_security_policy.rb": {
        "lines": [
          null,
          null,
          null,
          null,
          null,
          null,
          null,
          null,
          null,
          null,
          null,
          null,
          null,
          null,
          null,
          null,
          null,
          null,
          null,
          null,
          null,
          null,
          null,
          null,
          null,
          null,
          null,
          null,
          null,
          null
        ]
      },
      "/mnt/c/Users/USER/Desktop/Projects/rails/lifestyle_articles/config/initializers/cookies_serializer.rb": {
        "lines": [
          null,
          null,
          null,
          null,
          1
        ]
      },
      "/mnt/c/Users/USER/Desktop/Projects/rails/lifestyle_articles/config/initializers/filter_parameter_logging.rb": {
        "lines": [
          null,
          null,
          null,
          1,
          null,
          null
        ]
      },
      "/mnt/c/Users/USER/Desktop/Projects/rails/lifestyle_articles/config/initializers/inflections.rb": {
        "lines": [
          null,
          null,
          null,
          null,
          null,
          null,
          null,
          null,
          null,
          null,
          null,
          null,
          null,
          null,
          null,
          null
        ]
      },
      "/mnt/c/Users/USER/Desktop/Projects/rails/lifestyle_articles/config/initializers/mime_types.rb": {
        "lines": [
          null,
          null,
          null,
          null
        ]
      },
      "/mnt/c/Users/USER/Desktop/Projects/rails/lifestyle_articles/config/initializers/new_framework_defaults_6_1.rb": {
        "lines": [
          null,
          null,
          null,
          null,
          null,
          null,
          null,
          null,
          null,
          null,
          null,
          null,
          null,
          null,
          null,
          null,
          null,
          null,
          null,
          null,
          null,
          null,
          null,
          null,
          null,
          null,
          null,
          null,
          null,
          null,
          null,
          null,
          null,
          null,
          null,
          null,
          null,
          null,
          null,
          null,
          null,
          null,
          null,
          null,
          null,
          null,
          null,
          null,
          null,
          null,
          null,
          null,
          null,
          null,
          null,
          null,
          null,
          null,
          null,
          null,
          null,
          null,
          null,
          null,
          null,
          null,
          null
        ]
      },
      "/mnt/c/Users/USER/Desktop/Projects/rails/lifestyle_articles/config/initializers/permissions_policy.rb": {
        "lines": [
          null,
          null,
          null,
          null,
          null,
          null,
          null,
          null,
          null,
          null,
          null
        ]
      },
      "/mnt/c/Users/USER/Desktop/Projects/rails/lifestyle_articles/config/initializers/wrap_parameters.rb": {
        "lines": [
          null,
          null,
          null,
          null,
          null,
          null,
          1,
          2,
          null,
          null,
          null,
          null,
          null,
          null
        ]
      },
      "/mnt/c/Users/USER/Desktop/Projects/rails/lifestyle_articles/spec/factories/article_categories.rb": {
        "lines": [
          1,
          1,
          null,
          null
        ]
      },
      "/mnt/c/Users/USER/Desktop/Projects/rails/lifestyle_articles/spec/factories/articles.rb": {
        "lines": [
          1,
          1,
          1,
          1,
          null,
          null,
          null
        ]
      },
      "/mnt/c/Users/USER/Desktop/Projects/rails/lifestyle_articles/spec/factories/categories.rb": {
        "lines": [
          1,
          1,
          1,
          1,
          null,
          null
        ]
      },
      "/mnt/c/Users/USER/Desktop/Projects/rails/lifestyle_articles/spec/factories/likes.rb": {
        "lines": [
          1,
          1,
          1,
          1,
          null,
          null
        ]
      },
      "/mnt/c/Users/USER/Desktop/Projects/rails/lifestyle_articles/spec/factories/user.rb": {
        "lines": [
          1,
          1,
          1,
          null,
          null
        ]
      },
      "/mnt/c/Users/USER/Desktop/Projects/rails/lifestyle_articles/config/routes.rb": {
        "lines": [
          1,
          null,
          null
        ]
      },
      "/mnt/c/Users/USER/Desktop/Projects/rails/lifestyle_articles/app/helpers/application_helper.rb": {
        "lines": [
          1,
          null
        ]
      },
      "/mnt/c/Users/USER/Desktop/Projects/rails/lifestyle_articles/app/helpers/articles_helper.rb": {
        "lines": [
          1,
          null
        ]
      },
      "/mnt/c/Users/USER/Desktop/Projects/rails/lifestyle_articles/app/helpers/categories_helper.rb": {
        "lines": [
          1,
          null
        ]
      },
      "/mnt/c/Users/USER/Desktop/Projects/rails/lifestyle_articles/app/helpers/likes_helper.rb": {
        "lines": [
          1,
          null
        ]
      },
      "/mnt/c/Users/USER/Desktop/Projects/rails/lifestyle_articles/app/helpers/sessions_helper.rb": {
        "lines": [
          1,
          1,
          0,
          null,
          null,
          1,
          0,
          null,
          null,
          1,
          0,
          null,
          null,
          1,
          0,
          null,
          null,
          1,
          0,
          0,
          null,
          null
        ]
      },
      "/mnt/c/Users/USER/Desktop/Projects/rails/lifestyle_articles/app/helpers/users_helper.rb": {
        "lines": [
          1,
          null
        ]
      }
    },
    "timestamp": 1661246036
  }
}
